Build started 11.03.2014 16:20:16.
     1>Project "C:\Test\WpfTest\Zerminova\Zerminova\Zerminova.vcxproj" on node 2 (build target(s)).
     1>InitializeBuildStatus:
         Touching "Debug\Zerminova.unsuccessfulbuild".
       ClCompile:
         All outputs are up-to-date.
       Link:
         c:\Program Files (x86)\Microsoft Visual Studio 10.0\VC\bin\link.exe /ERRORREPORT:PROMPT /OUT:"C:\Test\WpfTest\Zerminova\Debug\Zerminova.exe" /NOLOGO kernel32.lib user32.lib gdi32.lib winspool.lib comdlg32.lib advapi32.lib shell32.lib ole32.lib oleaut32.lib uuid.lib odbc32.lib odbccp32.lib /MANIFEST /ManifestFile:"Debug\Zerminova.exe.intermediate.manifest" /MANIFESTUAC:"level='asInvoker' uiAccess='false'" /DEBUG /PDB:"C:\Test\WpfTest\Zerminova\Debug\Zerminova.pdb" /TLBID:1 /DYNAMICBASE /NXCOMPAT /IMPLIB:"C:\Test\WpfTest\Zerminova\Debug\Zerminova.lib" /MACHINE:X86 Debug\1.obj
         Debug\2.obj
     1>2.obj : error LNK2005: _main already defined in 1.obj
     1>C:\Test\WpfTest\Zerminova\Debug\Zerminova.exe : fatal error LNK1169: one or more multiply defined symbols found
     1>Done Building Project "C:\Test\WpfTest\Zerminova\Zerminova\Zerminova.vcxproj" (build target(s)) -- FAILED.

Build FAILED.

Time Elapsed 00:00:00.07
